Sun 05 Aug 2018 15:36:04 : DEBUG : logging.py : 33 : successfully store to database
Tue 14 Aug 2018 12:12:56 : DEBUG : logging.py : 33 : successfully store to database
Tue 14 Aug 2018 12:16:13 : DEBUG : logging.py : 33 : successfully store to database
Tue 14 Aug 2018 14:33:53 : DEBUG : logging.py : 33 : successfully store to database
Tue 14 Aug 2018 14:36:37 : DEBUG : logging.py : 33 : successfully store to database
Tue 14 Aug 2018 14:38:57 : DEBUG : logging.py : 33 : successfully store to database
Tue 14 Aug 2018 15:48:22 : DEBUG : logging.py : 33 : successfully store to database
Tue 14 Aug 2018 16:01:42 : DEBUG : logging.py : 33 : successfully store to database
Tue 14 Aug 2018 16:02:49 : DEBUG : logging.py : 33 : successfully store to database
Wed 22 Aug 2018 13:47:44 : DEBUG : logging.py : 33 : successfully store to database
Sat 25 Aug 2018 00:21:40 : DEBUG : logging.py : 33 : successfully store to database
Sun 02 Sep 2018 14:48:12 : DEBUG : logging.py : 33 : successfully store to database
Mon 03 Sep 2018 14:16:35 : DEBUG : logging.py : 33 : successfully store to database
Wed 19 Sep 2018 18:41:51 : DEBUG : logging.py : 33 : successfully store to database
Wed 19 Sep 2018 18:49:28 : DEBUG : logging.py : 33 : successfully store to database
Wed 19 Sep 2018 18:57:00 : DEBUG : logging.py : 33 : successfully store to database
Wed 19 Sep 2018 19:38:57 : DEBUG : logging.py : 33 : successfully store to database
Wed 19 Sep 2018 19:47:01 : DEBUG : logging.py : 33 : successfully store to database
Thu 20 Sep 2018 00:52:45 : DEBUG : logging.py : 33 : successfully store to database
Thu 20 Sep 2018 00:59:11 : DEBUG : logging.py : 33 : successfully store to database
